# JRE version: Java(TM) SE Runtime Environment (18.0.1.1+2) (build 18.0.1.1+2-6)
# Java VM: Java HotSpot(TM) 64-Bit Server VM (18.0.1.1+2-6, mixed mode, sharing, tiered, compressed oops, compressed class ptrs, g1 gc, windows-amd64)
GC Precious Log:
 CardTable entry size: 512
 Card Set container configuration: InlinePtr #cards 4 size 8 Array Of Cards #cards 16 size 48 Howl #buckets 8 coarsen threshold 3686 Howl Bitmap #cards 512 size 80 coarsen threshold 460 Card regions per heap region 1 cards per card region 4096
 CPUs: 8 total, 8 available
 Memory: 16161M
 Large Page Support: Disabled
 NUMA Support: Disabled
 Compressed Oops: Enabled (Zero based)
 Heap Region Size: 2M
 Heap Min Capacity: 8M
 Heap Initial Capacity: 254M
 Heap Max Capacity: 4042M
 Pre-touch: Disabled
 Parallel Workers: 8
 Concurrent Workers: 2
 Concurrent Refinement Workers: 8
 Periodic GC: Disabled
Heap:
 garbage-first heap   total 75776K, used 57442K [0x0000000703600000, 0x0000000800000000)
  region size 2048K, 15 young (30720K), 1 survivors (2048K)
 Metaspace       used 71900K, committed 72576K, reserved 1114112K
  class space    used 8909K, committed 9216K, reserved 1048576K
GC Heap History (20 events):
Event: 7394.504 GC heap after
{Heap after GC invocations=63 (full 6):
 garbage-first heap   total 75776K, used 29775K [0x0000000703600000, 0x0000000800000000)
  region size 2048K, 2 young (4096K), 2 survivors (4096K)
 Metaspace       used 71318K, committed 71936K, reserved 1114112K
  class space    used 8892K, committed 9216K, reserved 1048576K
}
Event: 7415.828 GC heap before
{Heap before GC invocations=63 (full 6):
 garbage-first heap   total 75776K, used 31823K [0x0000000703600000, 0x0000000800000000)
  region size 2048K, 4 young (8192K), 2 survivors (4096K)
 Metaspace       used 71323K, committed 71936K, reserved 1114112K
  class space    used 8893K, committed 9216K, reserved 1048576K
}
Event: 7415.890 GC heap after
{Heap after GC invocations=64 (full 7):
 garbage-first heap   total 75776K, used 24714K [0x0000000703600000, 0x0000000800000000)
  region size 2048K, 0 young (0K), 0 survivors (0K)
 Metaspace       used 70927K, committed 71872K, reserved 1114112K
  class space    used 8863K, committed 9216K, reserved 1048576K
}
Event: 7416.291 GC heap before
{Heap before GC invocations=64 (full 7):
 garbage-first heap   total 75776K, used 57482K [0x0000000703600000, 0x0000000800000000)
  region size 2048K, 16 young (32768K), 0 survivors (0K)
 Metaspace       used 71039K, committed 71936K, reserved 1114112K
  class space    used 8871K, committed 9216K, reserved 1048576K
}
Event: 7416.293 GC heap after
{Heap after GC invocations=65 (full 7):
 garbage-first heap   total 75776K, used 27509K [0x0000000703600000, 0x0000000800000000)
  region size 2048K, 2 young (4096K), 2 survivors (4096K)
 Metaspace       used 71039K, committed 71936K, reserved 1114112K
  class space    used 8871K, committed 9216K, reserved 1048576K
}
Event: 7416.825 GC heap before
{Heap before GC invocations=65 (full 7):
 garbage-first heap   total 75776K, used 58229K [0x0000000703600000, 0x0000000800000000)
  region size 2048K, 17 young (34816K), 2 survivors (4096K)
 Metaspace       used 71454K, committed 72128K, reserved 1114112K
  class space    used 8892K, committed 9216K, reserved 1048576K
}
Event: 7416.827 GC heap after
{Heap after GC invocations=66 (full 7):
 garbage-first heap   total 75776K, used 29066K [0x0000000703600000, 0x0000000800000000)
  region size 2048K, 3 young (6144K), 3 survivors (6144K)
 Metaspace       used 71454K, committed 72128K, reserved 1114112K
  class space    used 8892K, committed 9216K, reserved 1048576K
}
Event: 7436.045 GC heap before
{Heap before GC invocations=66 (full 7):
 garbage-first heap   total 75776K, used 49546K [0x0000000703600000, 0x0000000800000000)
  region size 2048K, 14 young (28672K), 3 survivors (6144K)
 Metaspace       used 71505K, committed 72128K, reserved 1114112K
  class space    used 8893K, committed 9216K, reserved 1048576K
}
Event: 7436.098 GC heap after
{Heap after GC invocations=67 (full 8):
 garbage-first heap   total 75776K, used 24766K [0x0000000703600000, 0x0000000800000000)
  region size 2048K, 0 young (0K), 0 survivors (0K)
 Metaspace       used 71108K, committed 72064K, reserved 1114112K
  class space    used 8862K, committed 9216K, reserved 1048576K
}
Event: 7436.448 GC heap before
{Heap before GC invocations=67 (full 8):
 garbage-first heap   total 75776K, used 57534K [0x0000000703600000, 0x0000000800000000)
  region size 2048K, 16 young (32768K), 0 survivors (0K)
 Metaspace       used 71231K, committed 72128K, reserved 1114112K
  class space    used 8872K, committed 9216K, reserved 1048576K
}
Event: 7436.451 GC heap after
{Heap after GC invocations=68 (full 8):
 garbage-first heap   total 75776K, used 27749K [0x0000000703600000, 0x0000000800000000)
  region size 2048K, 2 young (4096K), 2 survivors (4096K)
 Metaspace       used 71231K, committed 72128K, reserved 1114112K
  class space    used 8872K, committed 9216K, reserved 1048576K
}
Event: 7436.943 GC heap before
{Heap before GC invocations=68 (full 8):
 garbage-first heap   total 75776K, used 56421K [0x0000000703600000, 0x0000000800000000)
  region size 2048K, 16 young (32768K), 2 survivors (4096K)
 Metaspace       used 71619K, committed 72320K, reserved 1114112K
  class space    used 8894K, committed 9216K, reserved 1048576K
}
Event: 7436.945 GC heap after
{Heap after GC invocations=69 (full 8):
 garbage-first heap   total 75776K, used 29132K [0x0000000703600000, 0x0000000800000000)
  region size 2048K, 1 young (2048K), 1 survivors (2048K)
 Metaspace       used 71619K, committed 72320K, reserved 1114112K
  class space    used 8894K, committed 9216K, reserved 1048576K
}
Event: 7448.008 GC heap before
{Heap before GC invocations=69 (full 8):
 garbage-first heap   total 75776K, used 51660K [0x0000000703600000, 0x0000000800000000)
  region size 2048K, 13 young (26624K), 1 survivors (2048K)
 Metaspace       used 71671K, committed 72320K, reserved 1114112K
  class space    used 8895K, committed 9216K, reserved 1048576K
}
Event: 7448.071 GC heap after
{Heap after GC invocations=70 (full 9):
 garbage-first heap   total 75776K, used 24963K [0x0000000703600000, 0x0000000800000000)
  region size 2048K, 0 young (0K), 0 survivors (0K)
 Metaspace       used 71285K, committed 72256K, reserved 1114112K
  class space    used 8865K, committed 9216K, reserved 1048576K
}
Event: 7462.148 GC heap before
{Heap before GC invocations=70 (full 9):
 garbage-first heap   total 75776K, used 57731K [0x0000000703600000, 0x0000000800000000)
  region size 2048K, 16 young (32768K), 0 survivors (0K)
 Metaspace       used 71494K, committed 72320K, reserved 1114112K
  class space    used 8886K, committed 9216K, reserved 1048576K
}
Event: 7462.150 GC heap after
{Heap after GC invocations=71 (full 9):
 garbage-first heap   total 75776K, used 27136K [0x0000000703600000, 0x0000000800000000)
  region size 2048K, 2 young (4096K), 2 survivors (4096K)
 Metaspace       used 71494K, committed 72320K, reserved 1114112K
  class space    used 8886K, committed 9216K, reserved 1048576K
}
Event: 7462.844 GC heap before
{Heap before GC invocations=71 (full 9):
 garbage-first heap   total 75776K, used 57856K [0x0000000703600000, 0x0000000800000000)
  region size 2048K, 17 young (34816K), 2 survivors (4096K)
 Metaspace       used 71655K, committed 72320K, reserved 1114112K
  class space    used 8896K, committed 9216K, reserved 1048576K
}
Event: 7462.847 GC heap after
{Heap after GC invocations=72 (full 9):
 garbage-first heap   total 75776K, used 28770K [0x0000000703600000, 0x0000000800000000)
  region size 2048K, 2 young (4096K), 2 survivors (4096K)
 Metaspace       used 71655K, committed 72320K, reserved 1114112K
  class space    used 8896K, committed 9216K, reserved 1048576K
}
Event: 7539.631 GC heap before
{Heap before GC invocations=72 (full 9):
 garbage-first heap   total 75776K, used 57442K [0x0000000703600000, 0x0000000800000000)
  region size 2048K, 16 young (32768K), 2 survivors (4096K)
 Metaspace       used 71900K, committed 72576K, reserved 1114112K
  class space    used 8909K, committed 9216K, reserved 1048576K
}

